[openstudio.runmanager.RunManager] <-1> Time to load for uuid: {c082c813-af74-46eb-9cbc-bf5855a3df48} 0
[openstudio.runmanager.RunManager] <-1> Time to parse tools for uuid: {c082c813-af74-46eb-9cbc-bf5855a3df48} 0
[openstudio.runmanager.RunManager] <-1> Time to parse params for uuid: {c082c813-af74-46eb-9cbc-bf5855a3df48} 0
[openstudio.runmanager.RunManager] <-1> Time to parse files for uuid: {c082c813-af74-46eb-9cbc-bf5855a3df48} 0
[openstudio.runmanager.RunManager] <-1> Time to load for uuid: {6ecd62b8-8a5f-4b46-afec-ef966cadb37c} 0
[openstudio.runmanager.RunManager] <-1> Time to parse tools for uuid: {6ecd62b8-8a5f-4b46-afec-ef966cadb37c} 0
[openstudio.runmanager.RunManager] <-1> Time to parse params for uuid: {6ecd62b8-8a5f-4b46-afec-ef966cadb37c} 0
[openstudio.runmanager.RunManager] <-1> Time to parse files for uuid: {6ecd62b8-8a5f-4b46-afec-ef966cadb37c} 0
[openstudio.runmanager.RunManager] <-1> Time to load for uuid: {b3bd47d9-8a98-4f62-821f-7c99468daa28} 0
[openstudio.runmanager.RunManager] <-1> Time to parse tools for uuid: {b3bd47d9-8a98-4f62-821f-7c99468daa28} 0
[openstudio.runmanager.RunManager] <-1> Time to parse params for uuid: {b3bd47d9-8a98-4f62-821f-7c99468daa28} 0
[openstudio.runmanager.RunManager] <-1> Time to parse files for uuid: {b3bd47d9-8a98-4f62-821f-7c99468daa28} 0
[openstudio.runmanager.RunManager] <-1> Time to load for uuid: {721d4848-2295-4ec1-9286-b80210a77cd4} 0
[openstudio.runmanager.RunManager] <-1> Time to parse tools for uuid: {721d4848-2295-4ec1-9286-b80210a77cd4} 0
[openstudio.runmanager.RunManager] <-1> Time to parse params for uuid: {721d4848-2295-4ec1-9286-b80210a77cd4} 0
[openstudio.runmanager.RunManager] <-1> Time to parse files for uuid: {721d4848-2295-4ec1-9286-b80210a77cd4} 0
[openstudio.runmanager.RunManager] <-1> Time to load for uuid: {450fc95b-4f05-49bb-8a4b-fa15fef5fcfa} 0
[openstudio.runmanager.RunManager] <-1> Time to parse tools for uuid: {450fc95b-4f05-49bb-8a4b-fa15fef5fcfa} 0
[openstudio.runmanager.RunManager] <-1> Time to parse params for uuid: {450fc95b-4f05-49bb-8a4b-fa15fef5fcfa} 0
[openstudio.runmanager.RunManager] <-1> Time to parse files for uuid: {450fc95b-4f05-49bb-8a4b-fa15fef5fcfa} 0
